<?xml version="1.0" encoding="UTF-8"?>
<!-- Generated by org.testng.reporters.JUnitReportReporter -->
<testsuite hostname="DESKTOP-KVUKIMF" name="com.secondproject.SecondProject" tests="1" failures="0" timestamp="13 Aug 2018 02:19:32 GMT" time="28.950" errors="0">
  <testcase name="method" time="28.950" classname="com.secondproject.SecondProject"/>
</testsuite>
